[DEBUG] 2019-12-06 16:26:16,235 basePropertiesSeln.intializeDriver() - Chrome Driver intilized successfully
[DEBUG] 2019-12-06 16:26:16,241 basePropertiesSeln.intializeDriver() - Chrome Browser selected & Launching in few second
[DEBUG] 2019-12-06 16:26:16,254 basePropertiesSeln.intializeDriver() - implicit Wait Applied
[DEBUG] 2019-12-06 16:26:25,544 basePropertiesSeln.intializeDriver() - URL provided
[INFO ] 2019-12-06 16:26:26,736 basePropertiesSeln.intializeDriver() - Screen maximized successfully
[INFO ] 2019-12-06 16:26:26,738 basePropertiesSeln.intializeDriver() - Waiting to access above URL
[DEBUG] 2019-12-06 16:26:26,983 pom001_VoiceWatch_logIn_Page.logPageLabelVerification() - LogIn Page Label verification Started
[DEBUG] 2019-12-06 16:26:31,566 pom001_VoiceWatch_logIn_Page.logPageLabelVerification() - Verified that 'Empirix Logo Present on login Page
[DEBUG] 2019-12-06 16:26:31,593 pom001_VoiceWatch_logIn_Page.logPageLabelVerification() - Verified that 'Empirix Logo Enabled on login Page
[DEBUG] 2019-12-06 16:26:31,631 pom001_VoiceWatch_logIn_Page.logPageLabelVerification() - Verified that 'Sign in to continue label' appeared on Login page
[DEBUG] 2019-12-06 16:26:31,679 pom001_VoiceWatch_logIn_Page.logPageLabelVerification() - Verified that 'User Name' label' appeared on Login page
[DEBUG] 2019-12-06 16:26:31,723 pom001_VoiceWatch_logIn_Page.logPageLabelVerification() - Verified that 'Password: label' appeared on Login page
[DEBUG] 2019-12-06 16:26:31,785 pom001_VoiceWatch_logIn_Page.logPageLabelVerification() - Verified that 'remUserNameCheckbox' appeared on Login page
[DEBUG] 2019-12-06 16:26:31,813 pom001_VoiceWatch_logIn_Page.logPageLabelVerification() - Verified that 'remUserNameCheckbox' is clickable on Login page
[DEBUG] 2019-12-06 16:26:31,841 pom001_VoiceWatch_logIn_Page.logPageLabelVerification() - Verified that 'remUserNameCheckbox' is not selected on Login page
[DEBUG] 2019-12-06 16:26:31,893 pom001_VoiceWatch_logIn_Page.logPageLabelVerification() - Verified that Sign In button is displayed
[DEBUG] 2019-12-06 16:26:31,918 pom001_VoiceWatch_logIn_Page.logPageLabelVerification() - Verified that Save button is enabled
[DEBUG] 2019-12-06 16:26:31,960 pom001_VoiceWatch_logIn_Page.logPageLabelVerification() - Verified that 'Remember my User Name' appeared on login page
[DEBUG] 2019-12-06 16:26:31,995 pom001_VoiceWatch_logIn_Page.logPageLabelVerification() - Verified that 'Copyright' label is appearing on the page
[DEBUG] 2019-12-06 16:26:32,046 pom001_VoiceWatch_logIn_Page.logPageLabelVerification() - Verified that Additional CopyRight Info present on the page
[DEBUG] 2019-12-06 16:26:32,049 pom001_VoiceWatch_logIn_Page.getCopyRightLink() - Verified that additional copy right link clickable
